# Design: Design norGate already active.
# DESIGN: Default Design Language: VHDL
# DESIGN: Default BDE Language: VHDL
# DESIGN: Flow Manager: Not Defined
acom -reorder $DSN/src/norgate.vhd
# Compile with File Reorder...
# File: D:\Uni-Project\digital_sys_design\norGate\norGate\norGate\src\norGate.vhd
# Compile Entity "NorrGate"
# Compile Architecture "NorGate" of Entity "NorrGate"
# Top-Level unit detected
# Entity  =>   NorrGate
# Compile success 0 Errors 0 Warnings  Analysis time :  1.0 [s]
# ELBREAD: Elaboration process.
# ELBREAD: Elaboration time 0.0 [s].
asim -advdataflow  norrgate norgate
# ELBREAD: Elaboration process.
# ELBREAD: Elaboration time 0.0 [s].
# asim: Stack memory: 32MB
# asim: Retval memory: 32MB
# KERNEL: Main thread initiated.
# KERNEL: Kernel process initialization phase.
# KERNEL: Time resolution set to 1ps.
# ELAB2: Elaboration final pass...
# ELAB2: Create instances ...
# ELAB2: Create instances complete.
# ELAB2: Elaboration final pass complete - time: 0.1 [s].
# KERNEL: Kernel process initialization done.
# Allocation: Simulator allocated 1610 kB (elbread=1031 elab2=297 kernel=281 sdf=0)
#  3:39 AM, Monday, November 1, 2021
#  Simulation has been initialized
#  Selected Top-Level: norrgate (norgate)
run
endsim
# KERNEL: stopped at time: 35594300 ns
#  Simulation has been stopped
asim -advdataflow  norrgate norgate
# ELBREAD: Elaboration process.
# ELBREAD: Elaboration time 0.0 [s].
# asim: Stack memory: 32MB
# asim: Retval memory: 32MB
# KERNEL: Main thread initiated.
# KERNEL: Kernel process initialization phase.
# KERNEL: Time resolution set to 1ps.
# ELAB2: Elaboration final pass...
# ELAB2: Create instances ...
# ELAB2: Create instances complete.
# ELAB2: Elaboration final pass complete - time: 0.0 [s].
# KERNEL: Kernel process initialization done.
# Allocation: Simulator allocated 1610 kB (elbread=1031 elab2=297 kernel=281 sdf=0)
#  3:40 AM, Monday, November 1, 2021
#  Simulation has been initialized
#  Selected Top-Level: norrgate (norgate)
run
endsim
# KERNEL: stopped at time: 19196150 ns
#  Simulation has been stopped
asim -advdataflow  norrgate norgate
# ELBREAD: Elaboration process.
# ELBREAD: Elaboration time 0.0 [s].
# asim: Stack memory: 32MB
# asim: Retval memory: 32MB
# KERNEL: Main thread initiated.
# KERNEL: Kernel process initialization phase.
# KERNEL: Time resolution set to 1ps.
# ELAB2: Elaboration final pass...
# ELAB2: Create instances ...
# ELAB2: Create instances complete.
# ELAB2: Elaboration final pass complete - time: 0.0 [s].
# KERNEL: Kernel process initialization done.
# Allocation: Simulator allocated 1610 kB (elbread=1031 elab2=297 kernel=281 sdf=0)
#  3:41 AM, Monday, November 1, 2021
#  Simulation has been initialized
#  Selected Top-Level: norrgate (norgate)
run
endsim
# KERNEL: stopped at time: 51609700 ns
#  Simulation has been stopped
asim -advdataflow  norrgate norgate
# ELBREAD: Elaboration process.
# ELBREAD: Elaboration time 0.0 [s].
# asim: Stack memory: 32MB
# asim: Retval memory: 32MB
# KERNEL: Main thread initiated.
# KERNEL: Kernel process initialization phase.
# KERNEL: Time resolution set to 1ps.
# ELAB2: Elaboration final pass...
# ELAB2: Create instances ...
# ELAB2: Create instances complete.
# ELAB2: Elaboration final pass complete - time: 0.0 [s].
# KERNEL: Kernel process initialization done.
# Allocation: Simulator allocated 1610 kB (elbread=1031 elab2=297 kernel=281 sdf=0)
#  3:43 AM, Monday, November 1, 2021
#  Simulation has been initialized
#  Selected Top-Level: norrgate (norgate)
run
endsim
# KERNEL: stopped at time: 30118800 ns
#  Simulation has been stopped
