# Design: Design and2 already active.
# DESIGN: Default Design Language: VHDL
# DESIGN: Default BDE Language: VHDL
# DESIGN: Flow Manager: Not Defined
acom -reorder $DSN/src/and2.vhd
# Compile with File Reorder...
# File: D:\Uni-Project\digital_sys_design\andGate\and2\src\and2.vhd
# Compile Entity "and2"
# Compile Architecture "arch" of Entity "and2"
# Top-Level unit detected
# Entity  =>   and2
# Compile success 0 Errors 0 Warnings  Analysis time :  0.7 [s]
# ELBREAD: Elaboration process.
# ELBREAD: Elaboration time 0.0 [s].
asim -advdataflow  and2 arch
# ELBREAD: Elaboration process.
# ELBREAD: Elaboration time 0.0 [s].
# asim: Stack memory: 32MB
# asim: Retval memory: 32MB
# KERNEL: Main thread initiated.
# KERNEL: Kernel process initialization phase.
# KERNEL: Time resolution set to 1ps.
# ELAB2: Elaboration final pass...
# ELAB2: Create instances ...
# ELAB2: Create instances complete.
# ELAB2: Elaboration final pass complete - time: 0.1 [s].
# KERNEL: Kernel process initialization done.
# Allocation: Simulator allocated 1610 kB (elbread=1031 elab2=297 kernel=281 sdf=0)
#  8:52 AM, Monday, October 25, 2021
#  Simulation has been initialized
#  Selected Top-Level: and2 (arch)
run
endsim
# KERNEL: stopped at time: 1398472350 ns
#  Simulation has been stopped
asim -advdataflow  and2 arch
# ELBREAD: Elaboration process.
# ELBREAD: Elaboration time 0.0 [s].
# asim: Stack memory: 32MB
# asim: Retval memory: 32MB
# KERNEL: Main thread initiated.
# KERNEL: Kernel process initialization phase.
# KERNEL: Time resolution set to 1ps.
# ELAB2: Elaboration final pass...
# ELAB2: Create instances ...
# ELAB2: Create instances complete.
# ELAB2: Elaboration final pass complete - time: 0.1 [s].
# KERNEL: Kernel process initialization done.
# Allocation: Simulator allocated 1610 kB (elbread=1031 elab2=297 kernel=281 sdf=0)
#  9:03 AM, Monday, October 25, 2021
#  Simulation has been initialized
#  Selected Top-Level: and2 (arch)
run
endsim
# KERNEL: stopped at time: 3457197300 ns
#  Simulation has been stopped
asim -advdataflow  and2 arch
# ELBREAD: Elaboration process.
# ELBREAD: Elaboration time 0.0 [s].
# asim: Stack memory: 32MB
# asim: Retval memory: 32MB
# KERNEL: Main thread initiated.
# KERNEL: Kernel process initialization phase.
# KERNEL: Time resolution set to 1ps.
# ELAB2: Elaboration final pass...
# ELAB2: Create instances ...
# ELAB2: Create instances complete.
# ELAB2: Elaboration final pass complete - time: 0.0 [s].
# KERNEL: Kernel process initialization done.
# Allocation: Simulator allocated 1610 kB (elbread=1031 elab2=297 kernel=281 sdf=0)
#  9:23 AM, Monday, October 25, 2021
#  Simulation has been initialized
#  Selected Top-Level: and2 (arch)
run
endsim
# KERNEL: stopped at time: 681068150 ns
#  Simulation has been stopped
asim -advdataflow  and2 arch
# ELBREAD: Elaboration process.
# ELBREAD: Elaboration time 0.0 [s].
# asim: Stack memory: 32MB
# asim: Retval memory: 32MB
# KERNEL: Main thread initiated.
# KERNEL: Kernel process initialization phase.
# KERNEL: Time resolution set to 1ps.
# ELAB2: Elaboration final pass...
# ELAB2: Create instances ...
# ELAB2: Create instances complete.
# ELAB2: Elaboration final pass complete - time: 0.0 [s].
# KERNEL: Kernel process initialization done.
# Allocation: Simulator allocated 1610 kB (elbread=1031 elab2=297 kernel=281 sdf=0)
#  9:24 AM, Monday, October 25, 2021
#  Simulation has been initialized
#  Selected Top-Level: and2 (arch)
run
endsim
# KERNEL: stopped at time: 417630355 ns
#  Simulation has been stopped
asim -advdataflow  and2 arch
# ELBREAD: Elaboration process.
# ELBREAD: Elaboration time 0.0 [s].
# asim: Stack memory: 32MB
# asim: Retval memory: 32MB
# KERNEL: Main thread initiated.
# KERNEL: Kernel process initialization phase.
# KERNEL: Time resolution set to 1ps.
# ELAB2: Elaboration final pass...
# ELAB2: Create instances ...
# ELAB2: Create instances complete.
# ELAB2: Elaboration final pass complete - time: 0.0 [s].
# KERNEL: Kernel process initialization done.
# Allocation: Simulator allocated 1610 kB (elbread=1031 elab2=297 kernel=281 sdf=0)
#  9:34 AM, Monday, October 25, 2021
#  Simulation has been initialized
#  Selected Top-Level: and2 (arch)
run
endsim
# KERNEL: stopped at time: 88266500 ns
#  Simulation has been stopped
