# Design: Design OrGate already active.
# DESIGN: Default Design Language: VHDL
# DESIGN: Default BDE Language: VHDL
# DESIGN: Flow Manager: Not Defined
acom -reorder $DSN/src/orgate.vhd
# Compile with File Reorder...
# File: D:\Uni-Project\digital_sys_design\orGate\orGate\OrGate\src\orgate.vhd
# Compile Entity "orgate"
# Compile Architecture "orgate" of Entity "orgate"
# Error: COMP96_0143: orgate.vhd : (42, 2): Object "output_1" may not be written
# Top-Level unit detected
# Entity  =>   orgate
# Compile failure 1 Errors 0 Warnings  Analysis time :  0.2 [s]
acom -reorder $DSN/src/orgate.vhd
# Compile with File Reorder...
# File: D:\Uni-Project\digital_sys_design\orGate\orGate\OrGate\src\orgate.vhd
# Compile Entity "orgate"
# Compile Architecture "orgate" of Entity "orgate"
# Error: COMP96_0143: orgate.vhd : (42, 2): Object "output_1" may not be written
# Top-Level unit detected
# Entity  =>   orgate
# Compile failure 1 Errors 0 Warnings  Analysis time :  0.1 [s]
acom $DSN/src/orgate.vhd
# Compile...
# File: D:\Uni-Project\digital_sys_design\orGate\orGate\OrGate\src\orgate.vhd
# Compile Entity "orgate"
# Compile Architecture "orgate" of Entity "orgate"
# Error: COMP96_0143: orgate.vhd : (42, 2): Object "output_1" may not be written
# Compile failure 1 Errors 0 Warnings  Analysis time :  0.0 [s]
acom -reorder $DSN/src/orgate.vhd
# Compile with File Reorder...
# File: D:\Uni-Project\digital_sys_design\orGate\orGate\OrGate\src\orgate.vhd
# Compile Entity "OrGate"
# Compile Architecture "OrGate" of Entity "OrGate"
# Top-Level unit detected
# Entity  =>   OrGate
# Compile success 0 Errors 0 Warnings  Analysis time :  0.4 [s]
# ELBREAD: Elaboration process.
# ELBREAD: Elaboration time 0.0 [s].
asim -advdataflow  orgate orgate
# ELBREAD: Elaboration process.
# ELBREAD: Elaboration time 0.0 [s].
# asim: Stack memory: 32MB
# asim: Retval memory: 32MB
# KERNEL: Main thread initiated.
# KERNEL: Kernel process initialization phase.
# KERNEL: Time resolution set to 1ps.
# ELAB2: Elaboration final pass...
# ELAB2: Create instances ...
# ELAB2: Create instances complete.
# ELAB2: Elaboration final pass complete - time: 0.1 [s].
# KERNEL: Kernel process initialization done.
# Allocation: Simulator allocated 1610 kB (elbread=1031 elab2=297 kernel=281 sdf=0)
#  2:59 AM, Monday, November 1, 2021
#  Simulation has been initialized
#  Selected Top-Level: orgate (orgate)
run
endsim
# KERNEL: stopped at time: 92467750 ns
#  Simulation has been stopped
